<?xml version="1.0" encoding="UTF-8" ?>
<testsuite tests="7" failures="7" name="dbfacade.CustomerFacadeTest" time="0.304" errors="0" skipped="0">
  <properties>
    <property name="java.runtime.name" value="Java(TM) SE Runtime Environment"/>
    <property name="sun.boot.library.path" value="C:\Program Files\Java\jdk1.8.0_191\jre\bin"/>
    <property name="java.vm.version" value="25.191-b12"/>
    <property name="java.vm.vendor" value="Oracle Corporation"/>
    <property name="maven.multiModuleProjectDirectory" value="C:\Users\fskn\Documents\3 semester\Netbeans\Customer"/>
    <property name="java.vendor.url" value="http://java.oracle.com/"/>
    <property name="path.separator" value=";"/>
    <property name="guice.disable.misplaced.annotation.check" value="true"/>
    <property name="java.vm.name" value="Java HotSpot(TM) 64-Bit Server VM"/>
    <property name="file.encoding.pkg" value="sun.io"/>
    <property name="user.script" value=""/>
    <property name="user.country" value="DK"/>
    <property name="sun.java.launcher" value="SUN_STANDARD"/>
    <property name="sun.os.patch.level" value=""/>
    <property name="test" value="dbfacade.CustomerFacadeTest"/>
    <property name="java.vm.specification.name" value="Java Virtual Machine Specification"/>
    <property name="user.dir" value="C:\Users\fskn\Documents\3 semester\Netbeans\Customer"/>
    <property name="java.runtime.version" value="1.8.0_191-b12"/>
    <property name="java.awt.graphicsenv" value="sun.awt.Win32GraphicsEnvironment"/>
    <property name="java.endorsed.dirs" value="C:\Program Files\Java\jdk1.8.0_191\jre\lib\endorsed"/>
    <property name="os.arch" value="amd64"/>
    <property name="java.io.tmpdir" value="C:\Users\fskn\AppData\Local\Temp\"/>
    <property name="line.separator" value="
"/>
    <property name="java.vm.specification.vendor" value="Oracle Corporation"/>
    <property name="user.variant" value=""/>
    <property name="os.name" value="Windows 10"/>
    <property name="maven.ext.class.path" value="C:\Program Files\NetBeans-11.1\netbeans\java\maven-nblib\netbeans-eventspy.jar"/>
    <property name="classworlds.conf" value="C:\Program Files\apache-maven-3.6.1\bin\..\bin\m2.conf"/>
    <property name="sun.jnu.encoding" value="Cp1252"/>
    <property name="java.library.path" value="C:\Program Files\Java\jdk1.8.0_191\bin;C:\Windows\Sun\Java\bin;C:\Windows\system32;C:\Windows;C:\Program Files (x86)\Common Files\Oracle\Java\javapath;C:\Program Files (x86)\Intel\Intel(R) Management Engine Components\iCLS\;C:\Program Files\Intel\Intel(R) Management Engine Components\iCLS\;C:\Windows\system32;C:\Windows;C:\Windows\System32\Wbem;C:\Windows\System32\WindowsPowerShell\v1.0\;C:\Windows\System32\OpenSSH\;C:\Program Files (x86)\NVIDIA Corporation\PhysX\Common;C:\Program Files\Intel\WiFi\bin\;C:\Program Files\Common Files\Intel\WirelessCommon\;C:\Program Files (x86)\Intel\Intel(R) Management Engine Components\DAL;C:\Program Files\Intel\Intel(R) Management Engine Components\DAL;C:\Program Files (x86)\Intel\Intel(R) Management Engine Components\IPT;C:\Program Files\Intel\Intel(R) Management Engine Components\IPT;C:\Program Files\Git\cmd;C:\Program Files\PuTTY\;C:\HashiCorp\Vagrant\bin;C:\Program Files\apache-maven-3.6.1\bin;C:\Users\fskn\AppData\Local\Microsoft\WindowsApps C:\Program Files\Java\jdk1.8.0_191\bin;;."/>
    <property name="maven.conf" value="C:\Program Files\apache-maven-3.6.1\bin\../conf"/>
    <property name="java.specification.name" value="Java Platform API Specification"/>
    <property name="java.class.version" value="52.0"/>
    <property name="sun.management.compiler" value="HotSpot 64-Bit Tiered Compilers"/>
    <property name="os.version" value="10.0"/>
    <property name="library.jansi.path" value="C:\Program Files\apache-maven-3.6.1\bin\..\lib\jansi-native"/>
    <property name="user.home" value="C:\Users\fskn"/>
    <property name="user.timezone" value="Europe/Paris"/>
    <property name="java.awt.printerjob" value="sun.awt.windows.WPrinterJob"/>
    <property name="java.specification.version" value="1.8"/>
    <property name="file.encoding" value="UTF-8"/>
    <property name="user.name" value="fskn"/>
    <property name="java.class.path" value="C:\Program Files\apache-maven-3.6.1\bin\..\boot\plexus-classworlds-2.6.0.jar"/>
    <property name="java.vm.specification.version" value="1.8"/>
    <property name="sun.arch.data.model" value="64"/>
    <property name="java.home" value="C:\Program Files\Java\jdk1.8.0_191\jre"/>
    <property name="sun.java.command" value="org.codehaus.plexus.classworlds.launcher.Launcher -Dtest=dbfacade.CustomerFacadeTest -Dmaven.ext.class.path=C:\Program Files\NetBeans-11.1\netbeans\java\maven-nblib\netbeans-eventspy.jar -Dfile.encoding=UTF-8 surefire:test"/>
    <property name="java.specification.vendor" value="Oracle Corporation"/>
    <property name="user.language" value="da"/>
    <property name="awt.toolkit" value="sun.awt.windows.WToolkit"/>
    <property name="java.vm.info" value="mixed mode"/>
    <property name="java.version" value="1.8.0_191"/>
    <property name="java.ext.dirs" value="C:\Program Files\Java\jdk1.8.0_191\jre\lib\ext;C:\Windows\Sun\Java\lib\ext"/>
    <property name="sun.boot.class.path" value="C:\Program Files\Java\jdk1.8.0_191\jre\lib\resources.jar;C:\Program Files\Java\jdk1.8.0_191\jre\lib\rt.jar;C:\Program Files\Java\jdk1.8.0_191\jre\lib\sunrsasign.jar;C:\Program Files\Java\jdk1.8.0_191\jre\lib\jsse.jar;C:\Program Files\Java\jdk1.8.0_191\jre\lib\jce.jar;C:\Program Files\Java\jdk1.8.0_191\jre\lib\charsets.jar;C:\Program Files\Java\jdk1.8.0_191\jre\lib\jfr.jar;C:\Program Files\Java\jdk1.8.0_191\jre\classes"/>
    <property name="java.vendor" value="Oracle Corporation"/>
    <property name="maven.home" value="C:\Program Files\apache-maven-3.6.1\bin\.."/>
    <property name="file.separator" value="\"/>
    <property name="java.vendor.url.bug" value="http://bugreport.sun.com/bugreport/"/>
    <property name="sun.cpu.endian" value="little"/>
    <property name="sun.io.unicode.encoding" value="UnicodeLittle"/>
    <property name="sun.desktop" value="windows"/>
    <property name="sun.cpu.isalist" value="amd64"/>
  </properties>
  <testcase classname="dbfacade.CustomerFacadeTest" name="dbfacade.CustomerFacadeTest.testFindByLastName" time="0.163">
    <failure message="expected: &lt;null&gt; but was: &lt;[]&gt;" type="org.opentest4j.AssertionFailedError">org.opentest4j.AssertionFailedError: expected: &lt;null&gt; but was: &lt;[]&gt;
	at org.junit.jupiter.api.AssertionUtils.fail(AssertionUtils.java:54)
	at org.junit.jupiter.api.AssertEquals.failNotEqual(AssertEquals.java:195)
	at org.junit.jupiter.api.AssertEquals.assertEquals(AssertEquals.java:184)
	at org.junit.jupiter.api.AssertEquals.assertEquals(AssertEquals.java:179)
	at org.junit.jupiter.api.Assertions.assertEquals(Assertions.java:508)
	at dbfacade.CustomerFacadeTest.testFindByLastName(CustomerFacadeTest.java:99)
</failure>
    <system-out>[EL Info]: 2019-08-22 17:38:53.152--ServerSession(313540687)--EclipseLink, version: Eclipse Persistence Services - 2.5.2.v20140319-9ad6abd
[EL Info]: connection: 2019-08-22 17:38:53.492--ServerSession(313540687)--file:/C:/Users/fskn/Documents/3 semester/Netbeans/Customer/target/classes/_pu login successful
findByLastName
</system-out>
    <system-err>Loading class `com.mysql.jdbc.Driver&apos;. This is deprecated. The new driver class is `com.mysql.cj.jdbc.Driver&apos;. The driver is automatically registered via the SPI and manual loading of the driver class is generally unnecessary.
</system-err>
  </testcase>
  <testcase classname="dbfacade.CustomerFacadeTest" name="dbfacade.CustomerFacadeTest.testGetCustomerFacade" time="0">
    <failure message="expected: &lt;null&gt; but was: &lt;dbfacade.CustomerFacade@76a2ddf3&gt;" type="org.opentest4j.AssertionFailedError">org.opentest4j.AssertionFailedError: expected: &lt;null&gt; but was: &lt;dbfacade.CustomerFacade@76a2ddf3&gt;
	at org.junit.jupiter.api.AssertionUtils.fail(AssertionUtils.java:54)
	at org.junit.jupiter.api.AssertEquals.failNotEqual(AssertEquals.java:195)
	at org.junit.jupiter.api.AssertEquals.assertEquals(AssertEquals.java:184)
	at org.junit.jupiter.api.AssertEquals.assertEquals(AssertEquals.java:179)
	at org.junit.jupiter.api.Assertions.assertEquals(Assertions.java:508)
	at dbfacade.CustomerFacadeTest.testGetCustomerFacade(CustomerFacadeTest.java:66)
</failure>
    <system-out>getCustomerFacade
</system-out>
  </testcase>
  <testcase classname="dbfacade.CustomerFacadeTest" name="dbfacade.CustomerFacadeTest.testGetNumberOfCustomers" time="0.009">
    <failure message="expected: &lt;4&gt; but was: &lt;0&gt;" type="org.opentest4j.AssertionFailedError">org.opentest4j.AssertionFailedError: expected: &lt;4&gt; but was: &lt;0&gt;
	at org.junit.jupiter.api.AssertionUtils.fail(AssertionUtils.java:54)
	at org.junit.jupiter.api.AssertEquals.failNotEqual(AssertEquals.java:195)
	at org.junit.jupiter.api.AssertEquals.assertEquals(AssertEquals.java:152)
	at org.junit.jupiter.api.AssertEquals.assertEquals(AssertEquals.java:147)
	at org.junit.jupiter.api.Assertions.assertEquals(Assertions.java:327)
	at dbfacade.CustomerFacadeTest.testGetNumberOfCustomers(CustomerFacadeTest.java:111)
</failure>
  </testcase>
  <testcase classname="dbfacade.CustomerFacadeTest" name="dbfacade.CustomerFacadeTest.testFindByID" time="0.002">
    <failure message="The test case is a prototype." type="org.opentest4j.AssertionFailedError">org.opentest4j.AssertionFailedError: The test case is a prototype.
	at org.junit.jupiter.api.AssertionUtils.fail(AssertionUtils.java:38)
	at org.junit.jupiter.api.Assertions.fail(Assertions.java:84)
	at dbfacade.CustomerFacadeTest.testFindByID(CustomerFacadeTest.java:83)
</failure>
    <system-out>findByID
</system-out>
  </testcase>
  <testcase classname="dbfacade.CustomerFacadeTest" name="dbfacade.CustomerFacadeTest.testMain" time="0.112">
    <failure message="The test case is a prototype." type="org.opentest4j.AssertionFailedError">org.opentest4j.AssertionFailedError: The test case is a prototype.
	at org.junit.jupiter.api.AssertionUtils.fail(AssertionUtils.java:38)
	at org.junit.jupiter.api.Assertions.fail(Assertions.java:84)
	at dbfacade.CustomerFacadeTest.testMain(CustomerFacadeTest.java:54)
</failure>
    <system-out>main
Customer{id=3, firstName=Connie, lastName=Nilsson, created=Thu Aug 22 17:38:53 CEST 2019}
______________
[Customer{id=1, firstName=Frederikke, lastName=Nilsson, created=Thu Aug 22 17:38:53 CEST 2019}, Customer{id=2, firstName=Cathrine, lastName=Nilsson, created=Thu Aug 22 17:38:53 CEST 2019}, Customer{id=3, firstName=Connie, lastName=Nilsson, created=Thu Aug 22 17:38:53 CEST 2019}, Customer{id=4, firstName=Peter, lastName=Nilsson, created=Thu Aug 22 17:38:53 CEST 2019}]
_______________
4
_______________
[Customer{id=1, firstName=Frederikke, lastName=Nilsson, created=Thu Aug 22 17:38:53 CEST 2019}, Customer{id=2, firstName=Cathrine, lastName=Nilsson, created=Thu Aug 22 17:38:53 CEST 2019}, Customer{id=3, firstName=Connie, lastName=Nilsson, created=Thu Aug 22 17:38:53 CEST 2019}, Customer{id=4, firstName=Peter, lastName=Nilsson, created=Thu Aug 22 17:38:53 CEST 2019}]
_______________
Customer{id=5, firstName=Simone, lastName=Nielsen, created=Thu Aug 22 17:38:54 CEST 2019}
</system-out>
  </testcase>
  <testcase classname="dbfacade.CustomerFacadeTest" name="dbfacade.CustomerFacadeTest.testAllCustomers" time="0.003">
    <failure message="expected: &lt;null&gt; but was: &lt;[Customer{id=1, firstName=Frederikke, lastName=Nilsson, created=Thu Aug 22 17:38:53 CEST 2019}, Customer{id=2, firstName=Cathrine, lastName=Nilsson, created=Thu Aug 22 17:38:53 CEST 2019}, Customer{id=3, firstName=Connie, lastName=Nilsson, created=Thu Aug 22 17:38:53 CEST 2019}, Customer{id=4, firstName=Peter, lastName=Nilsson, created=Thu Aug 22 17:38:53 CEST 2019}, Customer{id=5, firstName=Simone, lastName=Nielsen, created=Thu Aug 22 17:38:54 CEST 2019}]&gt;" type="org.opentest4j.AssertionFailedError">org.opentest4j.AssertionFailedError: expected: &lt;null&gt; but was: &lt;[Customer{id=1, firstName=Frederikke, lastName=Nilsson, created=Thu Aug 22 17:38:53 CEST 2019}, Customer{id=2, firstName=Cathrine, lastName=Nilsson, created=Thu Aug 22 17:38:53 CEST 2019}, Customer{id=3, firstName=Connie, lastName=Nilsson, created=Thu Aug 22 17:38:53 CEST 2019}, Customer{id=4, firstName=Peter, lastName=Nilsson, created=Thu Aug 22 17:38:53 CEST 2019}, Customer{id=5, firstName=Simone, lastName=Nielsen, created=Thu Aug 22 17:38:54 CEST 2019}]&gt;
	at org.junit.jupiter.api.AssertionUtils.fail(AssertionUtils.java:54)
	at org.junit.jupiter.api.AssertEquals.failNotEqual(AssertEquals.java:195)
	at org.junit.jupiter.api.AssertEquals.assertEquals(AssertEquals.java:184)
	at org.junit.jupiter.api.AssertEquals.assertEquals(AssertEquals.java:179)
	at org.junit.jupiter.api.Assertions.assertEquals(Assertions.java:508)
	at dbfacade.CustomerFacadeTest.testAllCustomers(CustomerFacadeTest.java:123)
</failure>
    <system-out>allCustomers
</system-out>
  </testcase>
  <testcase classname="dbfacade.CustomerFacadeTest" name="dbfacade.CustomerFacadeTest.testAddCustomer" time="0.015">
    <failure message="expected: &lt;Customer{id=6, firstName=Louise, lastName=Madsen, created=Thu Aug 22 17:38:54 CEST 2019}&gt; but was: &lt;Customer{id=null, firstName=Louise, lastName=Madsen, created=Thu Aug 22 17:38:54 CEST 2019}&gt;" type="org.opentest4j.AssertionFailedError">org.opentest4j.AssertionFailedError: expected: &lt;Customer{id=6, firstName=Louise, lastName=Madsen, created=Thu Aug 22 17:38:54 CEST 2019}&gt; but was: &lt;Customer{id=null, firstName=Louise, lastName=Madsen, created=Thu Aug 22 17:38:54 CEST 2019}&gt;
	at org.junit.jupiter.api.AssertionUtils.fail(AssertionUtils.java:54)
	at org.junit.jupiter.api.AssertEquals.failNotEqual(AssertEquals.java:195)
	at org.junit.jupiter.api.AssertEquals.assertEquals(AssertEquals.java:184)
	at org.junit.jupiter.api.AssertEquals.assertEquals(AssertEquals.java:179)
	at org.junit.jupiter.api.Assertions.assertEquals(Assertions.java:508)
	at dbfacade.CustomerFacadeTest.testAddCustomer(CustomerFacadeTest.java:138)
</failure>
  </testcase>
</testsuite>