<?xml version="1.0" encoding="UTF-8" ?>
<testsuite tests="7" failures="7" name="dbfacade.CustomerFacadeTest" time="0.304" errors="0" skipped="0">
  <properties>
[...]
</properties>
  <testcase classname="dbfacade.CustomerFacadeTest" name="dbfacade.CustomerFacadeTest.testFindByLastName" time="0.163">
    <failure message="expected: &lt;null&gt; but was: &lt;[]&gt;" type="org.opentest4j.AssertionFailedError">org.opentest4j.AssertionFailedError: expected: &lt;null&gt; but was: &lt;[]&gt;
	at org.junit.jupiter.api.AssertionUtils.fail(AssertionUtils.java:54)
	at org.junit.jupiter.api.AssertEquals.failNotEqual(AssertEquals.java:195)
	at org.junit.jupiter.api.AssertEquals.assertEquals(AssertEquals.java:184)
	at org.junit.jupiter.api.AssertEquals.assertEquals(AssertEquals.java:179)
	at org.junit.jupiter.api.Assertions.assertEquals(Assertions.java:508)
	at dbfacade.CustomerFacadeTest.testFindByLastName(CustomerFacadeTest.java:99)
</failure>
    <system-out>[EL Info]: 2019-08-22 17:38:53.152--ServerSession(313540687)--EclipseLink, version: Eclipse Persistence Services - 2.5.2.v20140319-9ad6abd
[EL Info]: connection: 2019-08-22 17:38:53.492--ServerSession(313540687)--file:/C:/Users/fskn/Documents/3 semester/Netbeans/Customer/target/classes/_pu login successful
findByLastName
</system-out>
    <system-err>Loading class `com.mysql.jdbc.Driver&apos;. This is deprecated. The new driver class is `com.mysql.cj.jdbc.Driver&apos;. The driver is automatically registered via the SPI and manual loading of the driver class is generally unnecessary.
</system-err>
  </testcase>
  <testcase classname="dbfacade.CustomerFacadeTest" name="dbfacade.CustomerFacadeTest.testGetCustomerFacade" time="0">
    <failure message="expected: &lt;null&gt; but was: &lt;dbfacade.CustomerFacade@76a2ddf3&gt;" type="org.opentest4j.AssertionFailedError">org.opentest4j.AssertionFailedError: expected: &lt;null&gt; but was: &lt;dbfacade.CustomerFacade@76a2ddf3&gt;
	at org.junit.jupiter.api.AssertionUtils.fail(AssertionUtils.java:54)
	at org.junit.jupiter.api.AssertEquals.failNotEqual(AssertEquals.java:195)
	at org.junit.jupiter.api.AssertEquals.assertEquals(AssertEquals.java:184)
	at org.junit.jupiter.api.AssertEquals.assertEquals(AssertEquals.java:179)
	at org.junit.jupiter.api.Assertions.assertEquals(Assertions.java:508)
	at dbfacade.CustomerFacadeTest.testGetCustomerFacade(CustomerFacadeTest.java:66)
</failure>
    <system-out>getCustomerFacade
</system-out>
  </testcase>
  <testcase classname="dbfacade.CustomerFacadeTest" name="dbfacade.CustomerFacadeTest.testGetNumberOfCustomers" time="0.009">
    <failure message="expected: &lt;4&gt; but was: &lt;0&gt;" type="org.opentest4j.AssertionFailedError">org.opentest4j.AssertionFailedError: expected: &lt;4&gt; but was: &lt;0&gt;
	at org.junit.jupiter.api.AssertionUtils.fail(AssertionUtils.java:54)
	at org.junit.jupiter.api.AssertEquals.failNotEqual(AssertEquals.java:195)
	at org.junit.jupiter.api.AssertEquals.assertEquals(AssertEquals.java:152)
	at org.junit.jupiter.api.AssertEquals.assertEquals(AssertEquals.java:147)
	at org.junit.jupiter.api.Assertions.assertEquals(Assertions.java:327)
	at dbfacade.CustomerFacadeTest.testGetNumberOfCustomers(CustomerFacadeTest.java:111)
</failure>
  </testcase>
  <testcase classname="dbfacade.CustomerFacadeTest" name="dbfacade.CustomerFacadeTest.testFindByID" time="0.002">
    <failure message="The test case is a prototype." type="org.opentest4j.AssertionFailedError">org.opentest4j.AssertionFailedError: The test case is a prototype.
	at org.junit.jupiter.api.AssertionUtils.fail(AssertionUtils.java:38)
	at org.junit.jupiter.api.Assertions.fail(Assertions.java:84)
	at dbfacade.CustomerFacadeTest.testFindByID(CustomerFacadeTest.java:83)
</failure>
    <system-out>findByID
</system-out>
  </testcase>
  <testcase classname="dbfacade.CustomerFacadeTest" name="dbfacade.CustomerFacadeTest.testMain" time="0.112">
    <failure message="The test case is a prototype." type="org.opentest4j.AssertionFailedError">org.opentest4j.AssertionFailedError: The test case is a prototype.
	at org.junit.jupiter.api.AssertionUtils.fail(AssertionUtils.java:38)
	at org.junit.jupiter.api.Assertions.fail(Assertions.java:84)
	at dbfacade.CustomerFacadeTest.testMain(CustomerFacadeTest.java:54)
</failure>
    <system-out>main
Customer{id=3, firstName=Connie, lastName=Nilsson, created=Thu Aug 22 17:38:53 CEST 2019}
______________
[Customer{id=1, firstName=Frederikke, lastName=Nilsson, created=Thu Aug 22 17:38:53 CEST 2019}, Customer{id=2, firstName=Cathrine, lastName=Nilsson, created=Thu Aug 22 17:38:53 CEST 2019}, Customer{id=3, firstName=Connie, lastName=Nilsson, created=Thu Aug 22 17:38:53 CEST 2019}, Customer{id=4, firstName=Peter, lastName=Nilsson, created=Thu Aug 22 17:38:53 CEST 2019}]
_______________
4
_______________
[Customer{id=1, firstName=Frederikke, lastName=Nilsson, created=Thu Aug 22 17:38:53 CEST 2019}, Customer{id=2, firstName=Cathrine, lastName=Nilsson, created=Thu Aug 22 17:38:53 CEST 2019}, Customer{id=3, firstName=Connie, lastName=Nilsson, created=Thu Aug 22 17:38:53 CEST 2019}, Customer{id=4, firstName=Peter, lastName=Nilsson, created=Thu Aug 22 17:38:53 CEST 2019}]
_______________
Customer{id=5, firstName=Simone, lastName=Nielsen, created=Thu Aug 22 17:38:54 CEST 2019}
</system-out>
  </testcase>
  <testcase classname="dbfacade.CustomerFacadeTest" name="dbfacade.CustomerFacadeTest.testAllCustomers" time="0.003">
    <failure message="expected: &lt;null&gt; but was: &lt;[Customer{id=1, firstName=Frederikke, lastName=Nilsson, created=Thu Aug 22 17:38:53 CEST 2019}, Customer{id=2, firstName=Cathrine, lastName=Nilsson, created=Thu Aug 22 17:38:53 CEST 2019}, Customer{id=3, firstName=Connie, lastName=Nilsson, created=Thu Aug 22 17:38:53 CEST 2019}, Customer{id=4, firstName=Peter, lastName=Nilsson, created=Thu Aug 22 17:38:53 CEST 2019}, Customer{id=5, firstName=Simone, lastName=Nielsen, created=Thu Aug 22 17:38:54 CEST 2019}]&gt;" type="org.opentest4j.AssertionFailedError">org.opentest4j.AssertionFailedError: expected: &lt;null&gt; but was: &lt;[Customer{id=1, firstName=Frederikke, lastName=Nilsson, created=Thu Aug 22 17:38:53 CEST 2019}, Customer{id=2, firstName=Cathrine, lastName=Nilsson, created=Thu Aug 22 17:38:53 CEST 2019}, Customer{id=3, firstName=Connie, lastName=Nilsson, created=Thu Aug 22 17:38:53 CEST 2019}, Customer{id=4, firstName=Peter, lastName=Nilsson, created=Thu Aug 22 17:38:53 CEST 2019}, Customer{id=5, firstName=Simone, lastName=Nielsen, created=Thu Aug 22 17:38:54 CEST 2019}]&gt;
	at org.junit.jupiter.api.AssertionUtils.fail(AssertionUtils.java:54)
	at org.junit.jupiter.api.AssertEquals.failNotEqual(AssertEquals.java:195)
	at org.junit.jupiter.api.AssertEquals.assertEquals(AssertEquals.java:184)
	at org.junit.jupiter.api.AssertEquals.assertEquals(AssertEquals.java:179)
	at org.junit.jupiter.api.Assertions.assertEquals(Assertions.java:508)
	at dbfacade.CustomerFacadeTest.testAllCustomers(CustomerFacadeTest.java:123)
</failure>
    <system-out>allCustomers
</system-out>
  </testcase>
  <testcase classname="dbfacade.CustomerFacadeTest" name="dbfacade.CustomerFacadeTest.testAddCustomer" time="0.015">
    <failure message="expected: &lt;Customer{id=6, firstName=Louise, lastName=Madsen, created=Thu Aug 22 17:38:54 CEST 2019}&gt; but was: &lt;Customer{id=null, firstName=Louise, lastName=Madsen, created=Thu Aug 22 17:38:54 CEST 2019}&gt;" type="org.opentest4j.AssertionFailedError">org.opentest4j.AssertionFailedError: expected: &lt;Customer{id=6, firstName=Louise, lastName=Madsen, created=Thu Aug 22 17:38:54 CEST 2019}&gt; but was: &lt;Customer{id=null, firstName=Louise, lastName=Madsen, created=Thu Aug 22 17:38:54 CEST 2019}&gt;
	at org.junit.jupiter.api.AssertionUtils.fail(AssertionUtils.java:54)
	at org.junit.jupiter.api.AssertEquals.failNotEqual(AssertEquals.java:195)
	at org.junit.jupiter.api.AssertEquals.assertEquals(AssertEquals.java:184)
	at org.junit.jupiter.api.AssertEquals.assertEquals(AssertEquals.java:179)
	at org.junit.jupiter.api.Assertions.assertEquals(Assertions.java:508)
	at dbfacade.CustomerFacadeTest.testAddCustomer(CustomerFacadeTest.java:138)
</failure>
  </testcase>
</testsuite>